Using pre-set license
Built from '2020.2/release' branch; Version is '2020.2.2f1 (068178b99f32) revision 426360'; Using compiler version '192528614'; Build Type 'Release'
OS: 'Windows 10 Pro; OS build 19041.264; Version 2004; 64bit' Language: 'en' Physical Memory: 16319 MB
BatchMode: 1, IsHumanControllingUs: 0, StartBugReporterOnCrash: 0, Is64bit: 1, IsPro: 0

 COMMAND LINE ARGUMENTS:
D:\Unity Editor\2020.2.2f1\Editor\Unity.exe
-adb2
-batchMode
-noUpm
-name
AssetImportWorker0
-projectPath
D:/unity/Shipblasters
-logFile
Logs/AssetImportWorker0.log
-srvPort
13939
Successfully changed project path to: D:/unity/Shipblasters
D:/unity/Shipblasters
Using Asset Import Pipeline V2.
Refreshing native plugins compatible for Editor in 70.10 ms, found 1 plugins.
Preloading 0 native plugins for Editor in 0.00 ms.
Initialize engine version: 2020.2.2f1 (068178b99f32)
[Subsystems] Discovering subsystems at path D:/Unity Editor/2020.2.2f1/Editor/Data/Resources/UnitySubsystems
[Subsystems] Discovering subsystems at path D:/unity/Shipblasters/Assets
GfxDevice: creating device client; threaded=0
Direct3D:
    Version:  Direct3D 11.0 [level 11.1]
    Renderer: NVIDIA GeForce GTX 1650 (ID=0x1f82)
    Vendor:   
    VRAM:     3962 MB
    Driver:   27.21.14.5206
Shader 'Universal Render Pipeline/Particles/Lit': fallback shader 'Universal Render Pipeline/Particles/SimpleLit' not found
Initialize mono
Mono path[0] = 'D:/Unity Editor/2020.2.2f1/Editor/Data/Managed'
Mono path[1] = 'D:/Unity Editor/2020.2.2f1/Editor/Data/MonoBleedingEdge/lib/mono/unityjit'
Mono config path = 'D:/Unity Editor/2020.2.2f1/Editor/Data/MonoBleedingEdge/etc'
Using monoOptions --debugger-agent=transport=dt_socket,embedding=1,server=y,suspend=n,address=127.0.0.1:56956
Begin MonoManager ReloadAssembly
Registering precompiled unity dll's ...
Register platform support module: D:/Unity Editor/2020.2.2f1/Editor/Data/PlaybackEngines/WebGLSupport/UnityEditor.WebGL.Extensions.dll
Register platform support module: D:/Unity Editor/2020.2.2f1/Editor/Data/PlaybackEngines/WindowsStandaloneSupport/UnityEditor.WindowsStandalone.Extensions.dll
Registered in 0.001494 seconds.
Native extension for WindowsStandalone target not found
Native extension for WebGL target not found
Refreshing native plugins compatible for Editor in 64.39 ms, found 1 plugins.
Preloading 0 native plugins for Editor in 0.00 ms.
Invoked RoslynAnalysisRunner static constructor.
RoslynAnalysisRunner will not be running.
RoslynAnalysisRunner has terminated.
Mono: successfully reloaded assembly
- Completed reload, in  1.723 seconds
Platform modules already initialized, skipping
Registering precompiled user dll's ...
Registered in 0.001510 seconds.
Begin MonoManager ReloadAssembly
Native extension for WindowsStandalone target not found
Native extension for WebGL target not found
Refreshing native plugins compatible for Editor in 77.02 ms, found 1 plugins.
Preloading 0 native plugins for Editor in 0.00 ms.
Invoked RoslynAnalysisRunner static constructor.
RoslynAnalysisRunner will not be running.
RoslynAnalysisRunner has terminated.
Mono: successfully reloaded assembly
- Completed reload, in  1.544 seconds
Platform modules already initialized, skipping
========================================================================
Worker process is ready to serve import requests
Shader 'Universal Render Pipeline/Particles/Lit': fallback shader 'Universal Render Pipeline/Particles/SimpleLit' not found
Launched and connected shader compiler UnityShaderCompiler.exe after 0.09 seconds
Refreshing native plugins compatible for Editor in 0.75 ms, found 1 plugins.
Preloading 0 native plugins for Editor in 0.00 ms.
Unloading 3056 Unused Serialized files (Serialized files now loaded: 0)
System memory in use before: 134.4 MB.
System memory in use after: 134.5 MB.

Unloading 24 unused Assets to reduce memory usage. Loaded Objects now: 3499.
Total: 2.173100 ms (FindLiveObjects: 0.260200 ms CreateObjectMapping: 0.141100 ms MarkObjects: 1.661900 ms  DeleteObjects: 0.109000 ms)

========================================================================
Received Prepare
Registering precompiled user dll's ...
Registered in 0.016142 seconds.
Begin MonoManager ReloadAssembly
Native extension for WindowsStandalone target not found
Native extension for WebGL target not found
Refreshing native plugins compatible for Editor in 0.62 ms, found 1 plugins.
Preloading 0 native plugins for Editor in 0.00 ms.
Invoked RoslynAnalysisRunner static constructor.
RoslynAnalysisRunner will not be running.
RoslynAnalysisRunner has terminated.
Mono: successfully reloaded assembly
- Completed reload, in  1.514 seconds
Platform modules already initialized, skipping
Shader 'Universal Render Pipeline/Particles/Lit': fallback shader 'Universal Render Pipeline/Particles/SimpleLit' not found
Refreshing native plugins compatible for Editor in 0.89 ms, found 1 plugins.
Preloading 0 native plugins for Editor in 0.00 ms.
Unloading 2931 Unused Serialized files (Serialized files now loaded: 0)
System memory in use before: 128.3 MB.
System memory in use after: 128.4 MB.

Unloading 12 unused Assets to reduce memory usage. Loaded Objects now: 3502.
Total: 17.828000 ms (FindLiveObjects: 0.453200 ms CreateObjectMapping: 0.171200 ms MarkObjects: 14.995800 ms  DeleteObjects: 2.205200 ms)

========================================================================
Received Prepare
Registering precompiled user dll's ...
Registered in 0.003790 seconds.
Begin MonoManager ReloadAssembly
Native extension for WindowsStandalone target not found
Native extension for WebGL target not found
Refreshing native plugins compatible for Editor in 0.71 ms, found 1 plugins.
Preloading 0 native plugins for Editor in 0.00 ms.
Invoked RoslynAnalysisRunner static constructor.
RoslynAnalysisRunner will not be running.
RoslynAnalysisRunner has terminated.
Mono: successfully reloaded assembly
- Completed reload, in  5.507 seconds
Platform modules already initialized, skipping
Shader 'Universal Render Pipeline/Particles/Lit': fallback shader 'Universal Render Pipeline/Particles/SimpleLit' not found
Refreshing native plugins compatible for Editor in 0.67 ms, found 1 plugins.
Preloading 0 native plugins for Editor in 0.00 ms.
Unloading 2931 Unused Serialized files (Serialized files now loaded: 0)
System memory in use before: 128.3 MB.
System memory in use after: 128.5 MB.

Unloading 12 unused Assets to reduce memory usage. Loaded Objects now: 3505.
Total: 4.657800 ms (FindLiveObjects: 0.753400 ms CreateObjectMapping: 0.224100 ms MarkObjects: 3.469000 ms  DeleteObjects: 0.209500 ms)

========================================================================
Received Prepare
Registering precompiled user dll's ...
Registered in 0.001393 seconds.
Begin MonoManager ReloadAssembly
Native extension for WindowsStandalone target not found
Native extension for WebGL target not found
Refreshing native plugins compatible for Editor in 0.50 ms, found 1 plugins.
Preloading 0 native plugins for Editor in 0.00 ms.
Invoked RoslynAnalysisRunner static constructor.
RoslynAnalysisRunner will not be running.
RoslynAnalysisRunner has terminated.
Mono: successfully reloaded assembly
- Completed reload, in  1.239 seconds
Platform modules already initialized, skipping
Shader 'Universal Render Pipeline/Particles/Lit': fallback shader 'Universal Render Pipeline/Particles/SimpleLit' not found
Refreshing native plugins compatible for Editor in 0.59 ms, found 1 plugins.
Preloading 0 native plugins for Editor in 0.00 ms.
Unloading 2931 Unused Serialized files (Serialized files now loaded: 0)
System memory in use before: 128.4 MB.
System memory in use after: 128.5 MB.

Unloading 12 unused Assets to reduce memory usage. Loaded Objects now: 3508.
Total: 2.765900 ms (FindLiveObjects: 0.390800 ms CreateObjectMapping: 0.189200 ms MarkObjects: 2.077000 ms  DeleteObjects: 0.107600 ms)

========================================================================
Received Import Request.
  path: Assets/Prefabs/Bullets/CannonBall.prefab
  artifactKey: Guid(0839b0427b8b3474fb3f1699523281ae) Importer(815301076,1909f56bfc062723c751e8b465ee728b)
Start importing Assets/Prefabs/Bullets/CannonBall.prefab using Guid(0839b0427b8b3474fb3f1699523281ae) Importer(815301076,1909f56bfc062723c751e8b465ee728b)  -> (artifact id: '5ae6df3a75a056118f20a864d69ef44c') in 0.345146 seconds
  Import took 0.356583 seconds .

========================================================================
Received Import Request.
  Time since last request: 0.001145 seconds.
  path: Assets/Prefabs/Bullets/CannonBall.prefab
  artifactKey: Guid(0839b0427b8b3474fb3f1699523281ae) Importer(815301076,1909f56bfc062723c751e8b465ee728b)
Start importing Assets/Prefabs/Bullets/CannonBall.prefab using Guid(0839b0427b8b3474fb3f1699523281ae) Importer(815301076,1909f56bfc062723c751e8b465ee728b)  -> (artifact id: '5ae6df3a75a056118f20a864d69ef44c') in 0.008954 seconds
  Import took 0.014682 seconds .

========================================================================
Received Import Request.
  Time since last request: 40.108042 seconds.
  path: Assets/Prefabs/Bullets/CannonBall.prefab
  artifactKey: Guid(0839b0427b8b3474fb3f1699523281ae) Importer(815301076,1909f56bfc062723c751e8b465ee728b)
Start importing Assets/Prefabs/Bullets/CannonBall.prefab using Guid(0839b0427b8b3474fb3f1699523281ae) Importer(815301076,1909f56bfc062723c751e8b465ee728b)  -> (artifact id: '1db3560749929f4dd80c058a4a918796') in 0.010297 seconds
  Import took 0.018218 seconds .

========================================================================
Received Import Request.
  Time since last request: 17.296209 seconds.
  path: Assets/Prefabs/Bullets/CannonBall.prefab
  artifactKey: Guid(0839b0427b8b3474fb3f1699523281ae) Importer(815301076,1909f56bfc062723c751e8b465ee728b)
Start importing Assets/Prefabs/Bullets/CannonBall.prefab using Guid(0839b0427b8b3474fb3f1699523281ae) Importer(815301076,1909f56bfc062723c751e8b465ee728b)  -> (artifact id: '689f8535a3a085b22f7c4b4afbb047dc') in 0.012942 seconds
  Import took 0.020956 seconds .

========================================================================
Received Prepare
Registering precompiled user dll's ...
Registered in 0.003143 seconds.
Begin MonoManager ReloadAssembly
Native extension for WindowsStandalone target not found
Native extension for WebGL target not found
Refreshing native plugins compatible for Editor in 0.60 ms, found 1 plugins.
Preloading 0 native plugins for Editor in 0.00 ms.
Invoked RoslynAnalysisRunner static constructor.
RoslynAnalysisRunner will not be running.
RoslynAnalysisRunner has terminated.
Mono: successfully reloaded assembly
- Completed reload, in  1.837 seconds
Platform modules already initialized, skipping
Shader 'Universal Render Pipeline/Particles/Lit': fallback shader 'Universal Render Pipeline/Particles/SimpleLit' not found
Refreshing native plugins compatible for Editor in 1.65 ms, found 1 plugins.
Preloading 0 native plugins for Editor in 0.00 ms.
Unloading 2931 Unused Serialized files (Serialized files now loaded: 0)
System memory in use before: 133.5 MB.
System memory in use after: 133.7 MB.

Unloading 12 unused Assets to reduce memory usage. Loaded Objects now: 3556.
Total: 6.539100 ms (FindLiveObjects: 0.554900 ms CreateObjectMapping: 0.508900 ms MarkObjects: 5.333400 ms  DeleteObjects: 0.139500 ms)

========================================================================
Received Prepare
Registering precompiled user dll's ...
Registered in 0.001546 seconds.
Begin MonoManager ReloadAssembly
Native extension for WindowsStandalone target not found
Native extension for WebGL target not found
Refreshing native plugins compatible for Editor in 0.51 ms, found 1 plugins.
Preloading 0 native plugins for Editor in 0.00 ms.
Invoked RoslynAnalysisRunner static constructor.
RoslynAnalysisRunner will not be running.
RoslynAnalysisRunner has terminated.
Mono: successfully reloaded assembly
- Completed reload, in  1.345 seconds
Platform modules already initialized, skipping
Shader 'Universal Render Pipeline/Particles/Lit': fallback shader 'Universal Render Pipeline/Particles/SimpleLit' not found
Refreshing native plugins compatible for Editor in 0.60 ms, found 1 plugins.
Preloading 0 native plugins for Editor in 0.00 ms.
Unloading 2931 Unused Serialized files (Serialized files now loaded: 0)
System memory in use before: 133.6 MB.
System memory in use after: 133.7 MB.

Unloading 12 unused Assets to reduce memory usage. Loaded Objects now: 3559.
Total: 3.543300 ms (FindLiveObjects: 0.466700 ms CreateObjectMapping: 0.260100 ms MarkObjects: 2.648000 ms  DeleteObjects: 0.165600 ms)

========================================================================
Received Prepare
Registering precompiled user dll's ...
Registered in 0.002480 seconds.
Begin MonoManager ReloadAssembly
Native extension for WindowsStandalone target not found
Native extension for WebGL target not found
Refreshing native plugins compatible for Editor in 1.71 ms, found 1 plugins.
Preloading 0 native plugins for Editor in 0.00 ms.
Invoked RoslynAnalysisRunner static constructor.
RoslynAnalysisRunner will not be running.
RoslynAnalysisRunner has terminated.
Mono: successfully reloaded assembly
- Completed reload, in  2.105 seconds
Platform modules already initialized, skipping
Shader 'Universal Render Pipeline/Particles/Lit': fallback shader 'Universal Render Pipeline/Particles/SimpleLit' not found
Refreshing native plugins compatible for Editor in 3.29 ms, found 1 plugins.
Preloading 0 native plugins for Editor in 0.00 ms.
Unloading 2931 Unused Serialized files (Serialized files now loaded: 0)
System memory in use before: 133.6 MB.
System memory in use after: 133.7 MB.

Unloading 12 unused Assets to reduce memory usage. Loaded Objects now: 3562.
Total: 9.286500 ms (FindLiveObjects: 2.356200 ms CreateObjectMapping: 1.320000 ms MarkObjects: 5.503700 ms  DeleteObjects: 0.105100 ms)

========================================================================
Received Prepare
Registering precompiled user dll's ...
Registered in 0.002834 seconds.
Begin MonoManager ReloadAssembly
Native extension for WindowsStandalone target not found
Native extension for WebGL target not found
Refreshing native plugins compatible for Editor in 1.47 ms, found 1 plugins.
Preloading 0 native plugins for Editor in 0.00 ms.
Invoked RoslynAnalysisRunner static constructor.
RoslynAnalysisRunner will not be running.
RoslynAnalysisRunner has terminated.
Mono: successfully reloaded assembly
- Completed reload, in  1.746 seconds
Platform modules already initialized, skipping
Shader 'Universal Render Pipeline/Particles/Lit': fallback shader 'Universal Render Pipeline/Particles/SimpleLit' not found
Refreshing native plugins compatible for Editor in 3.49 ms, found 1 plugins.
Preloading 0 native plugins for Editor in 0.00 ms.
Unloading 2931 Unused Serialized files (Serialized files now loaded: 0)
System memory in use before: 133.6 MB.
System memory in use after: 133.7 MB.

Unloading 12 unused Assets to reduce memory usage. Loaded Objects now: 3565.
Total: 5.203200 ms (FindLiveObjects: 0.408800 ms CreateObjectMapping: 0.877400 ms MarkObjects: 3.727800 ms  DeleteObjects: 0.186600 ms)

========================================================================
Received Prepare
Registering precompiled user dll's ...
Registered in 0.001439 seconds.
Begin MonoManager ReloadAssembly
Native extension for WindowsStandalone target not found
Native extension for WebGL target not found
Refreshing native plugins compatible for Editor in 0.56 ms, found 1 plugins.
Preloading 0 native plugins for Editor in 0.00 ms.
Invoked RoslynAnalysisRunner static constructor.
RoslynAnalysisRunner will not be running.
RoslynAnalysisRunner has terminated.
Mono: successfully reloaded assembly
- Completed reload, in  1.104 seconds
Platform modules already initialized, skipping
Shader 'Universal Render Pipeline/Particles/Lit': fallback shader 'Universal Render Pipeline/Particles/SimpleLit' not found
Refreshing native plugins compatible for Editor in 1.22 ms, found 1 plugins.
Preloading 0 native plugins for Editor in 0.00 ms.
Unloading 2931 Unused Serialized files (Serialized files now loaded: 0)
System memory in use before: 133.6 MB.
System memory in use after: 133.7 MB.

Unloading 12 unused Assets to reduce memory usage. Loaded Objects now: 3568.
Total: 3.440200 ms (FindLiveObjects: 0.443900 ms CreateObjectMapping: 0.317400 ms MarkObjects: 2.551400 ms  DeleteObjects: 0.124600 ms)

========================================================================
Received Prepare
Registering precompiled user dll's ...
Registered in 0.003168 seconds.
Begin MonoManager ReloadAssembly
Native extension for WindowsStandalone target not found
Native extension for WebGL target not found
Refreshing native plugins compatible for Editor in 1.76 ms, found 1 plugins.
Preloading 0 native plugins for Editor in 0.00 ms.
Invoked RoslynAnalysisRunner static constructor.
RoslynAnalysisRunner will not be running.
RoslynAnalysisRunner has terminated.
Mono: successfully reloaded assembly
- Completed reload, in  1.765 seconds
Platform modules already initialized, skipping
Shader 'Universal Render Pipeline/Particles/Lit': fallback shader 'Universal Render Pipeline/Particles/SimpleLit' not found
Refreshing native plugins compatible for Editor in 3.13 ms, found 1 plugins.
Preloading 0 native plugins for Editor in 0.00 ms.
Unloading 2931 Unused Serialized files (Serialized files now loaded: 0)
System memory in use before: 133.6 MB.
System memory in use after: 133.7 MB.

Unloading 12 unused Assets to reduce memory usage. Loaded Objects now: 3571.
Total: 8.516800 ms (FindLiveObjects: 1.641300 ms CreateObjectMapping: 1.423500 ms MarkObjects: 5.340600 ms  DeleteObjects: 0.109300 ms)

========================================================================
Received Import Request.
  Time since last request: 221.740069 seconds.
  path: Assets/Prefabs/Ships/Dummy Ship.prefab
  artifactKey: Guid(f97b9778bb557bf47874550d1f45c14e) Importer(815301076,1909f56bfc062723c751e8b465ee728b)
Start importing Assets/Prefabs/Ships/Dummy Ship.prefab using Guid(f97b9778bb557bf47874550d1f45c14e) Importer(815301076,1909f56bfc062723c751e8b465ee728b)  -> (artifact id: '7bc0c38bc404f28b5c92edbc3bd23dcd') in 0.195376 seconds
  Import took 0.204445 seconds .

========================================================================
Received Prepare
Registering precompiled user dll's ...
Registered in 0.002315 seconds.
Begin MonoManager ReloadAssembly
Native extension for WindowsStandalone target not found
Native extension for WebGL target not found
Refreshing native plugins compatible for Editor in 0.60 ms, found 1 plugins.
Preloading 0 native plugins for Editor in 0.00 ms.
Invoked RoslynAnalysisRunner static constructor.
RoslynAnalysisRunner will not be running.
RoslynAnalysisRunner has terminated.
Mono: successfully reloaded assembly
- Completed reload, in  5.256 seconds
Platform modules already initialized, skipping
Shader 'Universal Render Pipeline/Particles/Lit': fallback shader 'Universal Render Pipeline/Particles/SimpleLit' not found
Refreshing native plugins compatible for Editor in 1.61 ms, found 1 plugins.
Preloading 0 native plugins for Editor in 0.00 ms.
Unloading 2931 Unused Serialized files (Serialized files now loaded: 0)
System memory in use before: 133.7 MB.
System memory in use after: 133.9 MB.

Unloading 12 unused Assets to reduce memory usage. Loaded Objects now: 3610.
Total: 9.405700 ms (FindLiveObjects: 0.858800 ms CreateObjectMapping: 1.252000 ms MarkObjects: 7.171300 ms  DeleteObjects: 0.119800 ms)

========================================================================
Received Prepare
Registering precompiled user dll's ...
Registered in 0.003904 seconds.
Begin MonoManager ReloadAssembly
Native extension for WindowsStandalone target not found
Native extension for WebGL target not found
Refreshing native plugins compatible for Editor in 0.50 ms, found 1 plugins.
Preloading 0 native plugins for Editor in 0.00 ms.
Invoked RoslynAnalysisRunner static constructor.
RoslynAnalysisRunner will not be running.
RoslynAnalysisRunner has terminated.
Mono: successfully reloaded assembly
- Completed reload, in  0.896 seconds
Platform modules already initialized, skipping
Shader 'Universal Render Pipeline/Particles/Lit': fallback shader 'Universal Render Pipeline/Particles/SimpleLit' not found
Refreshing native plugins compatible for Editor in 0.76 ms, found 1 plugins.
Preloading 0 native plugins for Editor in 0.00 ms.
Unloading 2931 Unused Serialized files (Serialized files now loaded: 0)
System memory in use before: 133.8 MB.
System memory in use after: 133.9 MB.

Unloading 12 unused Assets to reduce memory usage. Loaded Objects now: 3613.
Total: 2.496100 ms (FindLiveObjects: 0.347500 ms CreateObjectMapping: 0.169100 ms MarkObjects: 1.884000 ms  DeleteObjects: 0.094000 ms)

========================================================================
Received Prepare
Registering precompiled user dll's ...
Registered in 0.001555 seconds.
Begin MonoManager ReloadAssembly
Native extension for WindowsStandalone target not found
Native extension for WebGL target not found
Refreshing native plugins compatible for Editor in 0.56 ms, found 1 plugins.
Preloading 0 native plugins for Editor in 0.00 ms.
Invoked RoslynAnalysisRunner static constructor.
RoslynAnalysisRunner will not be running.
RoslynAnalysisRunner has terminated.
Mono: successfully reloaded assembly
- Completed reload, in  1.694 seconds
Platform modules already initialized, skipping
Shader 'Universal Render Pipeline/Particles/Lit': fallback shader 'Universal Render Pipeline/Particles/SimpleLit' not found
Refreshing native plugins compatible for Editor in 0.83 ms, found 1 plugins.
Preloading 0 native plugins for Editor in 0.00 ms.
Unloading 2931 Unused Serialized files (Serialized files now loaded: 0)
System memory in use before: 133.8 MB.
System memory in use after: 133.9 MB.

Unloading 12 unused Assets to reduce memory usage. Loaded Objects now: 3616.
Total: 8.227000 ms (FindLiveObjects: 0.641300 ms CreateObjectMapping: 0.231600 ms MarkObjects: 7.217500 ms  DeleteObjects: 0.135100 ms)

========================================================================
Received Prepare
Registering precompiled user dll's ...
Registered in 0.002551 seconds.
Begin MonoManager ReloadAssembly
Native extension for WindowsStandalone target not found
Native extension for WebGL target not found
Refreshing native plugins compatible for Editor in 0.86 ms, found 1 plugins.
Preloading 0 native plugins for Editor in 0.00 ms.
Invoked RoslynAnalysisRunner static constructor.
RoslynAnalysisRunner will not be running.
RoslynAnalysisRunner has terminated.
Mono: successfully reloaded assembly
- Completed reload, in  1.918 seconds
Platform modules already initialized, skipping
Shader 'Universal Render Pipeline/Particles/Lit': fallback shader 'Universal Render Pipeline/Particles/SimpleLit' not found
Refreshing native plugins compatible for Editor in 0.93 ms, found 1 plugins.
Preloading 0 native plugins for Editor in 0.00 ms.
Unloading 2931 Unused Serialized files (Serialized files now loaded: 0)
System memory in use before: 133.8 MB.
System memory in use after: 133.9 MB.

Unloading 12 unused Assets to reduce memory usage. Loaded Objects now: 3619.
Total: 10.598700 ms (FindLiveObjects: 0.556200 ms CreateObjectMapping: 0.256600 ms MarkObjects: 9.622000 ms  DeleteObjects: 0.161200 ms)

========================================================================
Received Prepare
Registering precompiled user dll's ...
Registered in 0.001334 seconds.
Begin MonoManager ReloadAssembly
Native extension for WindowsStandalone target not found
Native extension for WebGL target not found
Refreshing native plugins compatible for Editor in 0.53 ms, found 1 plugins.
Preloading 0 native plugins for Editor in 0.00 ms.
Invoked RoslynAnalysisRunner static constructor.
RoslynAnalysisRunner will not be running.
RoslynAnalysisRunner has terminated.
Mono: successfully reloaded assembly
- Completed reload, in  0.866 seconds
Platform modules already initialized, skipping
Shader 'Universal Render Pipeline/Particles/Lit': fallback shader 'Universal Render Pipeline/Particles/SimpleLit' not found
Refreshing native plugins compatible for Editor in 0.55 ms, found 1 plugins.
Preloading 0 native plugins for Editor in 0.00 ms.
Unloading 2931 Unused Serialized files (Serialized files now loaded: 0)
System memory in use before: 133.8 MB.
System memory in use after: 133.9 MB.

Unloading 12 unused Assets to reduce memory usage. Loaded Objects now: 3622.
Total: 3.418900 ms (FindLiveObjects: 0.418600 ms CreateObjectMapping: 0.265900 ms MarkObjects: 2.611500 ms  DeleteObjects: 0.121000 ms)

========================================================================
Received Import Request.
  Time since last request: 574.363489 seconds.
  path: Assets/Prefabs/Bullets/CannonBall.prefab
  artifactKey: Guid(0839b0427b8b3474fb3f1699523281ae) Importer(815301076,1909f56bfc062723c751e8b465ee728b)
Start importing Assets/Prefabs/Bullets/CannonBall.prefab using Guid(0839b0427b8b3474fb3f1699523281ae) Importer(815301076,1909f56bfc062723c751e8b465ee728b)  -> (artifact id: '89bfdbedadef49ae43e39308aeb45b37') in 0.148706 seconds
  Import took 0.156139 seconds .

========================================================================
Received Prepare
Registering precompiled user dll's ...
Registered in 0.001330 seconds.
Begin MonoManager ReloadAssembly
Native extension for WindowsStandalone target not found
Native extension for WebGL target not found
Refreshing native plugins compatible for Editor in 1.56 ms, found 1 plugins.
Preloading 0 native plugins for Editor in 0.00 ms.
Invoked RoslynAnalysisRunner static constructor.
RoslynAnalysisRunner will not be running.
RoslynAnalysisRunner has terminated.
Mono: successfully reloaded assembly
- Completed reload, in  1.264 seconds
Platform modules already initialized, skipping
Shader 'Universal Render Pipeline/Particles/Lit': fallback shader 'Universal Render Pipeline/Particles/SimpleLit' not found
Refreshing native plugins compatible for Editor in 1.78 ms, found 1 plugins.
Preloading 0 native plugins for Editor in 0.00 ms.
Unloading 2931 Unused Serialized files (Serialized files now loaded: 0)
System memory in use before: 133.9 MB.
System memory in use after: 134.0 MB.

Unloading 12 unused Assets to reduce memory usage. Loaded Objects now: 3661.
Total: 7.136300 ms (FindLiveObjects: 0.633000 ms CreateObjectMapping: 0.352400 ms MarkObjects: 5.086300 ms  DeleteObjects: 1.062900 ms)

========================================================================
Received Import Request.
  Time since last request: 12.490101 seconds.
  path: Assets/Prefabs/Bullets/CannonBall.prefab
  artifactKey: Guid(0839b0427b8b3474fb3f1699523281ae) Importer(815301076,1909f56bfc062723c751e8b465ee728b)
Start importing Assets/Prefabs/Bullets/CannonBall.prefab using Guid(0839b0427b8b3474fb3f1699523281ae) Importer(815301076,1909f56bfc062723c751e8b465ee728b)  -> (artifact id: 'b7ec2a4b93369057705ef77fe0999fea') in 0.352493 seconds
  Import took 0.367292 seconds .

========================================================================
Received Import Request.
  Time since last request: 0.040550 seconds.
  path: Assets/Prefabs/Bullets/CannonBall.prefab
  artifactKey: Guid(0839b0427b8b3474fb3f1699523281ae) Importer(815301076,1909f56bfc062723c751e8b465ee728b)
Start importing Assets/Prefabs/Bullets/CannonBall.prefab using Guid(0839b0427b8b3474fb3f1699523281ae) Importer(815301076,1909f56bfc062723c751e8b465ee728b)  -> (artifact id: 'b7ec2a4b93369057705ef77fe0999fea') in 0.012296 seconds
  Import took 0.019731 seconds .

========================================================================
Received Import Request.
  Time since last request: 47.971688 seconds.
  path: Assets/Prefabs/Ships/Dummy Ship.prefab
  artifactKey: Guid(f97b9778bb557bf47874550d1f45c14e) Importer(815301076,1909f56bfc062723c751e8b465ee728b)
Start importing Assets/Prefabs/Ships/Dummy Ship.prefab using Guid(f97b9778bb557bf47874550d1f45c14e) Importer(815301076,1909f56bfc062723c751e8b465ee728b)  -> (artifact id: '402b7fd258f4f97242d1fbbcf62c3c15') in 0.047321 seconds
  Import took 0.054485 seconds .

========================================================================
Received Prepare
Registering precompiled user dll's ...
Registered in 0.002734 seconds.
Begin MonoManager ReloadAssembly
Native extension for WindowsStandalone target not found
Native extension for WebGL target not found
Refreshing native plugins compatible for Editor in 0.56 ms, found 1 plugins.
Preloading 0 native plugins for Editor in 0.00 ms.
Invoked RoslynAnalysisRunner static constructor.
RoslynAnalysisRunner will not be running.
RoslynAnalysisRunner has terminated.
Mono: successfully reloaded assembly
- Completed reload, in  1.559 seconds
Platform modules already initialized, skipping
Shader 'Universal Render Pipeline/Particles/Lit': fallback shader 'Universal Render Pipeline/Particles/SimpleLit' not found
Refreshing native plugins compatible for Editor in 3.07 ms, found 1 plugins.
Preloading 0 native plugins for Editor in 0.00 ms.
Unloading 2931 Unused Serialized files (Serialized files now loaded: 0)
System memory in use before: 134.0 MB.
System memory in use after: 134.1 MB.

Unloading 12 unused Assets to reduce memory usage. Loaded Objects now: 3700.
Total: 8.955300 ms (FindLiveObjects: 0.598200 ms CreateObjectMapping: 1.525500 ms MarkObjects: 6.667200 ms  DeleteObjects: 0.162000 ms)

========================================================================
Received Prepare
Registering precompiled user dll's ...
Registered in 0.001565 seconds.
Begin MonoManager ReloadAssembly
Native extension for WindowsStandalone target not found
Native extension for WebGL target not found
Refreshing native plugins compatible for Editor in 0.97 ms, found 1 plugins.
Preloading 0 native plugins for Editor in 0.00 ms.
Invoked RoslynAnalysisRunner static constructor.
RoslynAnalysisRunner will not be running.
RoslynAnalysisRunner has terminated.
Mono: successfully reloaded assembly
- Completed reload, in  1.671 seconds
Platform modules already initialized, skipping
Shader 'Universal Render Pipeline/Particles/Lit': fallback shader 'Universal Render Pipeline/Particles/SimpleLit' not found
Refreshing native plugins compatible for Editor in 0.67 ms, found 1 plugins.
Preloading 0 native plugins for Editor in 0.00 ms.
Unloading 2931 Unused Serialized files (Serialized files now loaded: 0)
System memory in use before: 134.0 MB.
System memory in use after: 134.2 MB.

Unloading 12 unused Assets to reduce memory usage. Loaded Objects now: 3703.
Total: 5.488400 ms (FindLiveObjects: 0.641400 ms CreateObjectMapping: 0.333300 ms MarkObjects: 3.471800 ms  DeleteObjects: 1.035800 ms)

========================================================================
Received Prepare
Registering precompiled user dll's ...
Registered in 0.001323 seconds.
Begin MonoManager ReloadAssembly
Native extension for WindowsStandalone target not found
Native extension for WebGL target not found
Refreshing native plugins compatible for Editor in 0.73 ms, found 1 plugins.
Preloading 0 native plugins for Editor in 0.00 ms.
Invoked RoslynAnalysisRunner static constructor.
RoslynAnalysisRunner will not be running.
RoslynAnalysisRunner has terminated.
Mono: successfully reloaded assembly
- Completed reload, in  1.717 seconds
Platform modules already initialized, skipping
Shader 'Universal Render Pipeline/Particles/Lit': fallback shader 'Universal Render Pipeline/Particles/SimpleLit' not found
Refreshing native plugins compatible for Editor in 1.77 ms, found 1 plugins.
Preloading 0 native plugins for Editor in 0.00 ms.
Unloading 2931 Unused Serialized files (Serialized files now loaded: 0)
System memory in use before: 134.0 MB.
System memory in use after: 134.2 MB.

Unloading 12 unused Assets to reduce memory usage. Loaded Objects now: 3706.
Total: 19.082200 ms (FindLiveObjects: 0.656800 ms CreateObjectMapping: 1.346700 ms MarkObjects: 16.319600 ms  DeleteObjects: 0.166800 ms)

========================================================================
Received Prepare
Registering precompiled user dll's ...
Registered in 0.021586 seconds.
Begin MonoManager ReloadAssembly
Native extension for WindowsStandalone target not found
Native extension for WebGL target not found
Refreshing native plugins compatible for Editor in 0.62 ms, found 1 plugins.
Preloading 0 native plugins for Editor in 0.00 ms.
Invoked RoslynAnalysisRunner static constructor.
RoslynAnalysisRunner will not be running.
RoslynAnalysisRunner has terminated.
Mono: successfully reloaded assembly
- Completed reload, in  1.426 seconds
Platform modules already initialized, skipping
Shader 'Universal Render Pipeline/Particles/Lit': fallback shader 'Universal Render Pipeline/Particles/SimpleLit' not found
Refreshing native plugins compatible for Editor in 0.51 ms, found 1 plugins.
Preloading 0 native plugins for Editor in 0.00 ms.
Unloading 2931 Unused Serialized files (Serialized files now loaded: 0)
System memory in use before: 134.0 MB.
System memory in use after: 134.2 MB.

Unloading 12 unused Assets to reduce memory usage. Loaded Objects now: 3709.
Total: 20.152600 ms (FindLiveObjects: 1.282700 ms CreateObjectMapping: 0.179300 ms MarkObjects: 17.533800 ms  DeleteObjects: 1.154600 ms)

========================================================================
Received Prepare
Registering precompiled user dll's ...
Registered in 0.007718 seconds.
Begin MonoManager ReloadAssembly
Native extension for WindowsStandalone target not found
Native extension for WebGL target not found
Refreshing native plugins compatible for Editor in 0.63 ms, found 1 plugins.
Preloading 0 native plugins for Editor in 0.00 ms.
Invoked RoslynAnalysisRunner static constructor.
RoslynAnalysisRunner will not be running.
RoslynAnalysisRunner has terminated.
Mono: successfully reloaded assembly
- Completed reload, in  1.550 seconds
Platform modules already initialized, skipping
Shader 'Universal Render Pipeline/Particles/Lit': fallback shader 'Universal Render Pipeline/Particles/SimpleLit' not found
Refreshing native plugins compatible for Editor in 2.03 ms, found 1 plugins.
Preloading 0 native plugins for Editor in 0.00 ms.
Unloading 2931 Unused Serialized files (Serialized files now loaded: 0)
System memory in use before: 134.0 MB.
System memory in use after: 134.2 MB.

Unloading 12 unused Assets to reduce memory usage. Loaded Objects now: 3712.
Total: 4.776500 ms (FindLiveObjects: 0.577800 ms CreateObjectMapping: 0.230500 ms MarkObjects: 3.648000 ms  DeleteObjects: 0.316300 ms)

========================================================================
Received Prepare
Registering precompiled user dll's ...
Registered in 0.001348 seconds.
Begin MonoManager ReloadAssembly
Native extension for WindowsStandalone target not found
Native extension for WebGL target not found
Refreshing native plugins compatible for Editor in 0.59 ms, found 1 plugins.
Preloading 0 native plugins for Editor in 0.00 ms.
Invoked RoslynAnalysisRunner static constructor.
RoslynAnalysisRunner will not be running.
RoslynAnalysisRunner has terminated.
Mono: successfully reloaded assembly
- Completed reload, in  1.580 seconds
Platform modules already initialized, skipping
Shader 'Universal Render Pipeline/Particles/Lit': fallback shader 'Universal Render Pipeline/Particles/SimpleLit' not found
Refreshing native plugins compatible for Editor in 3.41 ms, found 1 plugins.
Preloading 0 native plugins for Editor in 0.00 ms.
Unloading 2931 Unused Serialized files (Serialized files now loaded: 0)
System memory in use before: 134.0 MB.
System memory in use after: 134.2 MB.

Unloading 12 unused Assets to reduce memory usage. Loaded Objects now: 3715.
Total: 42.519200 ms (FindLiveObjects: 4.308200 ms CreateObjectMapping: 1.567900 ms MarkObjects: 36.209800 ms  DeleteObjects: 0.431500 ms)

========================================================================
Received Prepare
Registering precompiled user dll's ...
Registered in 0.001361 seconds.
Begin MonoManager ReloadAssembly
Native extension for WindowsStandalone target not found
Native extension for WebGL target not found
Refreshing native plugins compatible for Editor in 0.50 ms, found 1 plugins.
Preloading 0 native plugins for Editor in 0.00 ms.
Invoked RoslynAnalysisRunner static constructor.
RoslynAnalysisRunner will not be running.
RoslynAnalysisRunner has terminated.
Mono: successfully reloaded assembly
- Completed reload, in  1.127 seconds
Platform modules already initialized, skipping
Shader 'Universal Render Pipeline/Particles/Lit': fallback shader 'Universal Render Pipeline/Particles/SimpleLit' not found
Refreshing native plugins compatible for Editor in 0.61 ms, found 1 plugins.
Preloading 0 native plugins for Editor in 0.00 ms.
Unloading 2931 Unused Serialized files (Serialized files now loaded: 0)
System memory in use before: 134.0 MB.
System memory in use after: 134.2 MB.

Unloading 12 unused Assets to reduce memory usage. Loaded Objects now: 3718.
Total: 7.084300 ms (FindLiveObjects: 0.522200 ms CreateObjectMapping: 0.326400 ms MarkObjects: 5.980500 ms  DeleteObjects: 0.253000 ms)

========================================================================
Received Prepare
Registering precompiled user dll's ...
Registered in 0.001282 seconds.
Begin MonoManager ReloadAssembly
Native extension for WindowsStandalone target not found
Native extension for WebGL target not found
Refreshing native plugins compatible for Editor in 0.64 ms, found 1 plugins.
Preloading 0 native plugins for Editor in 0.00 ms.
Invoked RoslynAnalysisRunner static constructor.
RoslynAnalysisRunner will not be running.
RoslynAnalysisRunner has terminated.
Mono: successfully reloaded assembly
- Completed reload, in  0.959 seconds
Platform modules already initialized, skipping
Shader 'Universal Render Pipeline/Particles/Lit': fallback shader 'Universal Render Pipeline/Particles/SimpleLit' not found
Refreshing native plugins compatible for Editor in 0.94 ms, found 1 plugins.
Preloading 0 native plugins for Editor in 0.00 ms.
Unloading 2931 Unused Serialized files (Serialized files now loaded: 0)
System memory in use before: 135.0 MB.
System memory in use after: 135.2 MB.

Unloading 12 unused Assets to reduce memory usage. Loaded Objects now: 3721.
Total: 2.356500 ms (FindLiveObjects: 0.296500 ms CreateObjectMapping: 0.140200 ms MarkObjects: 1.794900 ms  DeleteObjects: 0.123200 ms)

========================================================================
Received Prepare
Registering precompiled user dll's ...
Registered in 0.001342 seconds.
Begin MonoManager ReloadAssembly
Native extension for WindowsStandalone target not found
Native extension for WebGL target not found
Refreshing native plugins compatible for Editor in 0.50 ms, found 1 plugins.
Preloading 0 native plugins for Editor in 0.00 ms.
Invoked RoslynAnalysisRunner static constructor.
RoslynAnalysisRunner will not be running.
RoslynAnalysisRunner has terminated.
Mono: successfully reloaded assembly
- Completed reload, in  1.165 seconds
Platform modules already initialized, skipping
Shader 'Universal Render Pipeline/Particles/Lit': fallback shader 'Universal Render Pipeline/Particles/SimpleLit' not found
Refreshing native plugins compatible for Editor in 0.59 ms, found 1 plugins.
Preloading 0 native plugins for Editor in 0.00 ms.
Unloading 2931 Unused Serialized files (Serialized files now loaded: 0)
System memory in use before: 134.0 MB.
System memory in use after: 134.2 MB.

Unloading 12 unused Assets to reduce memory usage. Loaded Objects now: 3724.
Total: 3.661300 ms (FindLiveObjects: 0.525400 ms CreateObjectMapping: 0.277500 ms MarkObjects: 2.648300 ms  DeleteObjects: 0.207900 ms)

========================================================================
Received Prepare
Registering precompiled user dll's ...
Registered in 0.001396 seconds.
Begin MonoManager ReloadAssembly
Native extension for WindowsStandalone target not found
Native extension for WebGL target not found
Refreshing native plugins compatible for Editor in 1.81 ms, found 1 plugins.
Preloading 0 native plugins for Editor in 0.00 ms.
Invoked RoslynAnalysisRunner static constructor.
RoslynAnalysisRunner will not be running.
RoslynAnalysisRunner has terminated.
Mono: successfully reloaded assembly
- Completed reload, in  0.992 seconds
Platform modules already initialized, skipping
Shader 'Universal Render Pipeline/Particles/Lit': fallback shader 'Universal Render Pipeline/Particles/SimpleLit' not found
Refreshing native plugins compatible for Editor in 0.54 ms, found 1 plugins.
Preloading 0 native plugins for Editor in 0.00 ms.
Unloading 2931 Unused Serialized files (Serialized files now loaded: 0)
System memory in use before: 134.1 MB.
System memory in use after: 134.2 MB.

Unloading 12 unused Assets to reduce memory usage. Loaded Objects now: 3727.
Total: 3.086100 ms (FindLiveObjects: 0.378200 ms CreateObjectMapping: 0.161500 ms MarkObjects: 2.286100 ms  DeleteObjects: 0.259000 ms)

========================================================================
Received Prepare
Registering precompiled user dll's ...
Registered in 0.002013 seconds.
Begin MonoManager ReloadAssembly
Native extension for WindowsStandalone target not found
Native extension for WebGL target not found
Refreshing native plugins compatible for Editor in 0.51 ms, found 1 plugins.
Preloading 0 native plugins for Editor in 0.00 ms.
Invoked RoslynAnalysisRunner static constructor.
RoslynAnalysisRunner will not be running.
RoslynAnalysisRunner has terminated.
Mono: successfully reloaded assembly
- Completed reload, in  1.072 seconds
Platform modules already initialized, skipping
Shader 'Universal Render Pipeline/Particles/Lit': fallback shader 'Universal Render Pipeline/Particles/SimpleLit' not found
Refreshing native plugins compatible for Editor in 0.59 ms, found 1 plugins.
Preloading 0 native plugins for Editor in 0.00 ms.
Unloading 2931 Unused Serialized files (Serialized files now loaded: 0)
System memory in use before: 134.1 MB.
System memory in use after: 134.2 MB.

Unloading 12 unused Assets to reduce memory usage. Loaded Objects now: 3730.
Total: 2.637900 ms (FindLiveObjects: 0.328500 ms CreateObjectMapping: 0.161100 ms MarkObjects: 2.011100 ms  DeleteObjects: 0.136300 ms)

========================================================================
Received Prepare
Registering precompiled user dll's ...
Registered in 0.001342 seconds.
Begin MonoManager ReloadAssembly
Native extension for WindowsStandalone target not found
Native extension for WebGL target not found
Refreshing native plugins compatible for Editor in 0.58 ms, found 1 plugins.
Preloading 0 native plugins for Editor in 0.00 ms.
Invoked RoslynAnalysisRunner static constructor.
RoslynAnalysisRunner will not be running.
RoslynAnalysisRunner has terminated.
Mono: successfully reloaded assembly
- Completed reload, in  0.986 seconds
Platform modules already initialized, skipping
Shader 'Universal Render Pipeline/Particles/Lit': fallback shader 'Universal Render Pipeline/Particles/SimpleLit' not found
Refreshing native plugins compatible for Editor in 0.58 ms, found 1 plugins.
Preloading 0 native plugins for Editor in 0.00 ms.
Unloading 2931 Unused Serialized files (Serialized files now loaded: 0)
System memory in use before: 134.1 MB.
System memory in use after: 134.2 MB.

Unloading 12 unused Assets to reduce memory usage. Loaded Objects now: 3733.
Total: 4.059100 ms (FindLiveObjects: 0.785100 ms CreateObjectMapping: 0.413000 ms MarkObjects: 2.731700 ms  DeleteObjects: 0.126400 ms)

========================================================================
Received Prepare
Registering precompiled user dll's ...
Registered in 0.001318 seconds.
Begin MonoManager ReloadAssembly
Native extension for WindowsStandalone target not found
Native extension for WebGL target not found
Refreshing native plugins compatible for Editor in 0.86 ms, found 1 plugins.
Preloading 0 native plugins for Editor in 0.00 ms.
Invoked RoslynAnalysisRunner static constructor.
RoslynAnalysisRunner will not be running.
RoslynAnalysisRunner has terminated.
Mono: successfully reloaded assembly
- Completed reload, in  1.596 seconds
Platform modules already initialized, skipping
Shader 'Universal Render Pipeline/Particles/Lit': fallback shader 'Universal Render Pipeline/Particles/SimpleLit' not found
Refreshing native plugins compatible for Editor in 2.09 ms, found 1 plugins.
Preloading 0 native plugins for Editor in 0.00 ms.
Unloading 2931 Unused Serialized files (Serialized files now loaded: 0)
System memory in use before: 134.1 MB.
System memory in use after: 134.2 MB.

Unloading 12 unused Assets to reduce memory usage. Loaded Objects now: 3736.
Total: 9.464300 ms (FindLiveObjects: 3.310600 ms CreateObjectMapping: 1.034300 ms MarkObjects: 5.005400 ms  DeleteObjects: 0.112600 ms)

========================================================================
Received Prepare
Registering precompiled user dll's ...
Registered in 0.001525 seconds.
Begin MonoManager ReloadAssembly
Native extension for WindowsStandalone target not found
Native extension for WebGL target not found
Refreshing native plugins compatible for Editor in 0.53 ms, found 1 plugins.
Preloading 0 native plugins for Editor in 0.00 ms.
Invoked RoslynAnalysisRunner static constructor.
RoslynAnalysisRunner will not be running.
RoslynAnalysisRunner has terminated.
Mono: successfully reloaded assembly
- Completed reload, in  1.082 seconds
Platform modules already initialized, skipping
Shader 'Universal Render Pipeline/Particles/Lit': fallback shader 'Universal Render Pipeline/Particles/SimpleLit' not found
Refreshing native plugins compatible for Editor in 0.55 ms, found 1 plugins.
Preloading 0 native plugins for Editor in 0.00 ms.
Unloading 2931 Unused Serialized files (Serialized files now loaded: 0)
System memory in use before: 134.1 MB.
System memory in use after: 134.2 MB.

Unloading 12 unused Assets to reduce memory usage. Loaded Objects now: 3739.
Total: 3.627100 ms (FindLiveObjects: 0.598700 ms CreateObjectMapping: 0.291500 ms MarkObjects: 2.518900 ms  DeleteObjects: 0.155500 ms)

========================================================================
Received Prepare
Registering precompiled user dll's ...
Registered in 0.001504 seconds.
Begin MonoManager ReloadAssembly
Native extension for WindowsStandalone target not found
Native extension for WebGL target not found
Refreshing native plugins compatible for Editor in 1.79 ms, found 1 plugins.
Preloading 0 native plugins for Editor in 0.00 ms.
Invoked RoslynAnalysisRunner static constructor.
RoslynAnalysisRunner will not be running.
RoslynAnalysisRunner has terminated.
Mono: successfully reloaded assembly
- Completed reload, in  0.986 seconds
Platform modules already initialized, skipping
Shader 'Universal Render Pipeline/Particles/Lit': fallback shader 'Universal Render Pipeline/Particles/SimpleLit' not found
Refreshing native plugins compatible for Editor in 0.54 ms, found 1 plugins.
Preloading 0 native plugins for Editor in 0.00 ms.
Unloading 2931 Unused Serialized files (Serialized files now loaded: 0)
System memory in use before: 134.1 MB.
System memory in use after: 134.2 MB.

Unloading 12 unused Assets to reduce memory usage. Loaded Objects now: 3742.
Total: 3.302300 ms (FindLiveObjects: 0.539100 ms CreateObjectMapping: 0.296000 ms MarkObjects: 2.345900 ms  DeleteObjects: 0.118900 ms)

========================================================================
Received Prepare
Registering precompiled user dll's ...
Registered in 0.001674 seconds.
Begin MonoManager ReloadAssembly
Native extension for WindowsStandalone target not found
Native extension for WebGL target not found
Refreshing native plugins compatible for Editor in 0.60 ms, found 1 plugins.
Preloading 0 native plugins for Editor in 0.00 ms.
Invoked RoslynAnalysisRunner static constructor.
RoslynAnalysisRunner will not be running.
RoslynAnalysisRunner has terminated.
Mono: successfully reloaded assembly
- Completed reload, in  1.606 seconds
Platform modules already initialized, skipping
Shader 'Universal Render Pipeline/Particles/Lit': fallback shader 'Universal Render Pipeline/Particles/SimpleLit' not found
Refreshing native plugins compatible for Editor in 1.82 ms, found 1 plugins.
Preloading 0 native plugins for Editor in 0.00 ms.
Unloading 2931 Unused Serialized files (Serialized files now loaded: 0)
System memory in use before: 134.1 MB.
System memory in use after: 134.2 MB.

Unloading 12 unused Assets to reduce memory usage. Loaded Objects now: 3745.
Total: 13.706900 ms (FindLiveObjects: 1.816100 ms CreateObjectMapping: 4.881600 ms MarkObjects: 6.525500 ms  DeleteObjects: 0.481800 ms)

========================================================================
Received Prepare
Registering precompiled user dll's ...
Registered in 0.002081 seconds.
Begin MonoManager ReloadAssembly
Native extension for WindowsStandalone target not found
Native extension for WebGL target not found
Refreshing native plugins compatible for Editor in 0.68 ms, found 1 plugins.
Preloading 0 native plugins for Editor in 0.00 ms.
Invoked RoslynAnalysisRunner static constructor.
RoslynAnalysisRunner will not be running.
RoslynAnalysisRunner has terminated.
Mono: successfully reloaded assembly
- Completed reload, in  1.698 seconds
Platform modules already initialized, skipping
Shader 'Universal Render Pipeline/Particles/Lit': fallback shader 'Universal Render Pipeline/Particles/SimpleLit' not found
Refreshing native plugins compatible for Editor in 0.66 ms, found 1 plugins.
Preloading 0 native plugins for Editor in 0.00 ms.
Unloading 2931 Unused Serialized files (Serialized files now loaded: 0)
System memory in use before: 134.1 MB.
System memory in use after: 134.3 MB.

Unloading 12 unused Assets to reduce memory usage. Loaded Objects now: 3748.
Total: 5.403300 ms (FindLiveObjects: 0.666600 ms CreateObjectMapping: 0.529300 ms MarkObjects: 4.068100 ms  DeleteObjects: 0.137400 ms)

========================================================================
Received Prepare
Registering precompiled user dll's ...
Registered in 0.003145 seconds.
Begin MonoManager ReloadAssembly
Native extension for WindowsStandalone target not found
Native extension for WebGL target not found
Refreshing native plugins compatible for Editor in 1.85 ms, found 1 plugins.
Preloading 0 native plugins for Editor in 0.00 ms.
Invoked RoslynAnalysisRunner static constructor.
RoslynAnalysisRunner will not be running.
RoslynAnalysisRunner has terminated.
Mono: successfully reloaded assembly
- Completed reload, in  1.481 seconds
Platform modules already initialized, skipping
Shader 'Universal Render Pipeline/Particles/Lit': fallback shader 'Universal Render Pipeline/Particles/SimpleLit' not found
Refreshing native plugins compatible for Editor in 0.60 ms, found 1 plugins.
Preloading 0 native plugins for Editor in 0.00 ms.
Unloading 2931 Unused Serialized files (Serialized files now loaded: 0)
System memory in use before: 134.1 MB.
System memory in use after: 134.3 MB.

Unloading 12 unused Assets to reduce memory usage. Loaded Objects now: 3751.
Total: 3.204800 ms (FindLiveObjects: 0.404800 ms CreateObjectMapping: 0.199900 ms MarkObjects: 2.477900 ms  DeleteObjects: 0.120500 ms)

========================================================================
Received Prepare
Registering precompiled user dll's ...
Registered in 0.001386 seconds.
Begin MonoManager ReloadAssembly
Native extension for WindowsStandalone target not found
Native extension for WebGL target not found
Refreshing native plugins compatible for Editor in 0.52 ms, found 1 plugins.
Preloading 0 native plugins for Editor in 0.00 ms.
Invoked RoslynAnalysisRunner static constructor.
RoslynAnalysisRunner will not be running.
RoslynAnalysisRunner has terminated.
Mono: successfully reloaded assembly
- Completed reload, in  0.914 seconds
Platform modules already initialized, skipping
Shader 'Universal Render Pipeline/Particles/Lit': fallback shader 'Universal Render Pipeline/Particles/SimpleLit' not found
Refreshing native plugins compatible for Editor in 1.33 ms, found 1 plugins.
Preloading 0 native plugins for Editor in 0.00 ms.
Unloading 2931 Unused Serialized files (Serialized files now loaded: 0)
System memory in use before: 134.1 MB.
System memory in use after: 134.3 MB.

Unloading 12 unused Assets to reduce memory usage. Loaded Objects now: 3754.
Total: 3.406400 ms (FindLiveObjects: 0.550900 ms CreateObjectMapping: 0.226900 ms MarkObjects: 2.502200 ms  DeleteObjects: 0.124800 ms)

========================================================================
Received Prepare
Registering precompiled user dll's ...
Registered in 0.001417 seconds.
Begin MonoManager ReloadAssembly
Native extension for WindowsStandalone target not found
Native extension for WebGL target not found
Refreshing native plugins compatible for Editor in 0.79 ms, found 1 plugins.
Preloading 0 native plugins for Editor in 0.00 ms.
Invoked RoslynAnalysisRunner static constructor.
RoslynAnalysisRunner will not be running.
RoslynAnalysisRunner has terminated.
Mono: successfully reloaded assembly
- Completed reload, in  1.705 seconds
Platform modules already initialized, skipping
Shader 'Universal Render Pipeline/Particles/Lit': fallback shader 'Universal Render Pipeline/Particles/SimpleLit' not found
Refreshing native plugins compatible for Editor in 15.75 ms, found 1 plugins.
Preloading 0 native plugins for Editor in 0.00 ms.
Unloading 2931 Unused Serialized files (Serialized files now loaded: 0)
System memory in use before: 134.1 MB.
System memory in use after: 134.3 MB.

Unloading 12 unused Assets to reduce memory usage. Loaded Objects now: 3757.
Total: 7.128100 ms (FindLiveObjects: 0.532700 ms CreateObjectMapping: 0.354700 ms MarkObjects: 5.928800 ms  DeleteObjects: 0.309900 ms)

AssetImportWorkerClient::OnTransportError - code=2 error=End of file
